<?xml version="1.0" encoding="UTF-8"?>
<!-- Generated by org.testng.reporters.JUnitReportReporter -->
<testsuite hostname="PrashantVICTUS" failures="0" tests="4" name="com.testng.test.Test_hrms" time="13.853" errors="0" timestamp="2022-04-21T14:12:01 IST" skipped="0">
  <testcase classname="com.testng.test.Test_hrms" name="LoginLogout" time="3.330"/>
  <system-out/>
  <testcase classname="com.testng.test.Test_hrms" name="AddEmployee" time="3.655"/>
  <system-out>
    <![CDATA[AddEmployee test is successfull]]>
  </system-out>
  <testcase classname="com.testng.test.Test_hrms" name="AddEmployee" time="3.468"/>
  <system-out>
    <![CDATA[AddEmployee test is successfull]]>
  </system-out>
  <testcase classname="com.testng.test.Test_hrms" name="AddEmployee" time="3.400"/>
  <system-out>
    <![CDATA[AddEmployee test is successfull]]>
  </system-out>
</testsuite> <!-- com.testng.test.Test_hrms -->
