<?xml version="1.0" encoding="UTF-8"?>
<!-- Generated by org.testng.reporters.JUnitReportReporter -->
<testsuite hostname="PrashantVICTUS" failures="0" tests="1" name="com.hrms.TNGscript.TC_002Test" time="8.767" errors="0" timestamp="2022-04-26T02:31:02 IST" skipped="0">
  <testcase classname="com.hrms.TNGscript.TC_002Test" name="addEmployee" time="8.767"/>
  <system-out>
    <![CDATA[Application Opened
logged in
switched into frame
Employee added
exited from frame
logged out
Application closed]]>
  </system-out>
</testsuite> <!-- com.hrms.TNGscript.TC_002Test -->
