<?xml version="1.0" encoding="UTF-8"?>
<!-- Generated by org.testng.reporters.JUnitReportReporter -->
<testsuite hostname="PrashantVICTUS" failures="0" tests="1" name="com.hrms.TNGscript.TC_001" time="3.317" errors="0" timestamp="2022-04-23T19:32:55 IST" skipped="0">
  <testcase classname="com.hrms.TNGscript.TC_001" name="LoginLogout" time="3.317"/>
  <system-out>
    <![CDATA[Application Opened
logged in]]>
  </system-out>
</testsuite> <!-- com.hrms.TNGscript.TC_001 -->
