<?xml version="1.0" encoding="UTF-8"?>
<!-- Generated by org.testng.reporters.JUnitReportReporter -->
<testsuite hostname="PrashantVICTUS" failures="0" tests="1" name="com.hrms.testscript.TC_004_DeleteEmployee" time="7.912" errors="0" timestamp="2022-04-21T19:51:07 IST" skipped="0">
  <testcase classname="com.hrms.testscript.TC_004_DeleteEmployee" name="verifyDeleteEmployee" time="7.912"/>
  <system-out/>
</testsuite> <!-- com.hrms.testscript.TC_004_DeleteEmployee -->
