<?xml version="1.0" encoding="UTF-8"?>
<!-- Generated by org.testng.reporters.JUnitReportReporter -->
<testsuite hostname="PrashantVICTUS" failures="0" tests="2" name="com.hrms.TNGscript.Test_hrmsTest" time="7.244" errors="0" timestamp="2022-04-26T17:30:07 IST" skipped="0">
  <testcase classname="com.hrms.TNGscript.Test_hrmsTest" name="LoginLogout" time="3.336"/>
  <system-out>
    <![CDATA[logged in
logged out]]>
  </system-out>
  <testcase classname="com.hrms.TNGscript.Test_hrmsTest" name="AddEmployee" time="3.908"/>
  <system-out>
    <![CDATA[logged in
switched into frame
Employee added
exited from frame
logged out
AddEmployee test is successfull]]>
  </system-out>
</testsuite> <!-- com.hrms.TNGscript.Test_hrmsTest -->
